proguard-project.txt
-dontusemixedcaseclassnames
-dontskipnonpubliclibraryclasses
-verbose
-dontoptimize
-dontpreverify
-dontwarn org.apache.**
-dontwarn android.support.**
-dontwarn com.handmark.pulltorefresh.**

-keep class org.apache.** { *;}
-keep class com.baidu.**{*;}
-keep class vi.com.gdi.bgl.**{*;}
-keep class com.handmark.pulltorefresh.**{*;}
-keep class com.xynxs.main.bean.**{*;}


-keepattributes *Annotation*
-keep public class com.google.vending.licensing.ILicensingService
-keep public class com.android.vending.licensing.ILicensingService
-keepclasseswithmembernames class * {
    native <methods>;
}
-keepclassmembers public class * extends android.view.View {
   void set*(***);
   *** get*();
}

-keepclassmembers class * extends android.app.Activity {
   public void *(android.view.View);
}
-keepclassmembers enum * {
    public static **[] values();
    public static ** valueOf(java.lang.String);
}

-keep class * implements android.os.Parcelable {
  public static final android.os.Parcelable$Creator *;
}

-keepclassmembers class **.R$* {
    public static <fields>;
}