bin/proguard/seeds.txt
com.xynxs.main.BaseActivity: BaseActivity()
com.xynxs.main.GuideActivity
com.xynxs.main.GuideActivity: GuideActivity()
com.xynxs.main.GuideActivity: void onClick(android.view.View)
com.xynxs.main.LoginActivity
com.xynxs.main.LoginActivity: LoginActivity()
com.xynxs.main.MainActivity
com.xynxs.main.MainActivity: MainActivity()
com.xynxs.main.MyInfoActivity
com.xynxs.main.MyInfoActivity: MyInfoActivity()
com.xynxs.main.R$anim: int app_exit
com.xynxs.main.R$anim: int end_zoomin
com.xynxs.main.R$anim: int end_zoomout
com.xynxs.main.R$anim: int in_from_left
com.xynxs.main.R$anim: int in_from_right
com.xynxs.main.R$anim: int out_to_left
com.xynxs.main.R$anim: int out_to_right
com.xynxs.main.R$anim: int push_bottom_in
com.xynxs.main.R$anim: int push_bottom_out
com.xynxs.main.R$anim: int slide_in_from_bottom
com.xynxs.main.R$anim: int slide_in_from_top
com.xynxs.main.R$anim: int slide_out_to_bottom
com.xynxs.main.R$anim: int slide_out_to_top
com.xynxs.main.R$anim: int start_zoomin
com.xynxs.main.R$anim: int start_zoomout
com.xynxs.main.R$anim: int toast_dimiss
com.xynxs.main.R$anim: int toast_show
com.xynxs.main.R$array: int years
com.xynxs.main.R$attr: int ptrAdapterViewBackground
com.xynxs.main.R$attr: int ptrAnimationStyle
com.xynxs.main.R$attr: int ptrDrawable
com.xynxs.main.R$attr: int ptrDrawableBottom
com.xynxs.main.R$attr: int ptrDrawableEnd
com.xynxs.main.R$attr: int ptrDrawableStart
com.xynxs.main.R$attr: int ptrDrawableTop
com.xynxs.main.R$attr: int ptrHeaderBackground
com.xynxs.main.R$attr: int ptrHeaderSubTextColor
com.xynxs.main.R$attr: int ptrHeaderTextAppearance
com.xynxs.main.R$attr: int ptrHeaderTextColor
com.xynxs.main.R$attr: int ptrListViewExtrasEnabled
com.xynxs.main.R$attr: int ptrMode
com.xynxs.main.R$attr: int ptrOverScroll
com.xynxs.main.R$attr: int ptrRefreshableViewBackground
com.xynxs.main.R$attr: int ptrRotateDrawableWhilePulling
com.xynxs.main.R$attr: int ptrScrollingWhileRefreshingEnabled
com.xynxs.main.R$attr: int ptrShowIndicator
com.xynxs.main.R$attr: int ptrSubHeaderTextAppearance
com.xynxs.main.R$color: int app_bg
com.xynxs.main.R$color: int select_tab_default
com.xynxs.main.R$color: int select_tab_pressed
com.xynxs.main.R$color: int transparent
com.xynxs.main.R$dimen: int TITLE_BAR_HEIGHT
com.xynxs.main.R$dimen: int header_footer_left_right_padding
com.xynxs.main.R$dimen: int header_footer_top_bottom_padding
com.xynxs.main.R$dimen: int indicator_corner_radius
com.xynxs.main.R$dimen: int indicator_internal_padding
com.xynxs.main.R$dimen: int indicator_right_padding
com.xynxs.main.R$dimen: int nav_btn_margin_bottom
com.xynxs.main.R$dimen: int nav_btn_padding_left
com.xynxs.main.R$dimen: int nav_btn_padding_top
com.xynxs.main.R$dimen: int nav_round_margin_bottom
com.xynxs.main.R$dimen: int nav_round_padding
com.xynxs.main.R$dimen: int nav_round_size
com.xynxs.main.R$dimen: int post_comment_college_size
com.xynxs.main.R$dimen: int post_comment_content_font_size
com.xynxs.main.R$dimen: int post_comment_head_img_size
com.xynxs.main.R$dimen: int post_comment_name_size
com.xynxs.main.R$dimen: int post_detail_btn_height
com.xynxs.main.R$dimen: int post_detail_btn_width
com.xynxs.main.R$dimen: int post_detail_content_font_size
com.xynxs.main.R$dimen: int post_detail_content_img_size
com.xynxs.main.R$dimen: int post_detail_delete_btn_font_size
com.xynxs.main.R$dimen: int post_detail_owner_college_size
com.xynxs.main.R$dimen: int post_detail_owner_gender_size
com.xynxs.main.R$dimen: int post_detail_owner_img_size
com.xynxs.main.R$dimen: int post_detail_owner_name_size
com.xynxs.main.R$dimen: int post_detail_padding
com.xynxs.main.R$dimen: int post_detail_star_size
...
com.baidu.android.pushservice.util.j
com.baidu.android.pushservice.util.j: int a
com.baidu.android.pushservice.util.j: java.lang.String b
com.baidu.android.pushservice.util.j: java.lang.String c
com.baidu.android.pushservice.util.j: int d
com.baidu.android.pushservice.util.j: j()
com.baidu.android.pushservice.util.k
com.baidu.android.pushservice.util.k: com.baidu.android.pushservice.util.k a
com.baidu.android.pushservice.util.k: com.baidu.android.pushservice.util.k b
com.baidu.android.pushservice.util.k: com.baidu.android.pushservice.util.k c
com.baidu.android.pushservice.util.k: com.baidu.android.pushservice.util.k d
com.baidu.android.pushservice.util.k: com.baidu.android.pushservice.util.k[] e
com.baidu.android.pushservice.util.k: com.baidu.android.pushservice.util.k[] values()
com.baidu.android.pushservice.util.k: com.baidu.android.pushservice.util.k valueOf(java.lang.String)
com.baidu.android.pushservice.util.k: k(java.lang.String,int)
com.baidu.android.pushservice.util.k: void <clinit>()
com.baidu.android.pushservice.util.l
com.baidu.android.pushservice.util.l: int a
com.baidu.android.pushservice.util.l: java.lang.String b
com.baidu.android.pushservice.util.l: java.lang.String c
com.baidu.android.pushservice.util.l: java.lang.String d
com.baidu.android.pushservice.util.l: java.lang.String e
com.baidu.android.pushservice.util.l: java.lang.String f
com.baidu.android.pushservice.util.l: java.lang.String g
com.baidu.android.pushservice.util.l: org.json.JSONObject h
com.baidu.android.pushservice.util.l: l()
com.baidu.android.pushservice.util.m
com.baidu.android.pushservice.util.m: com.baidu.android.pushservice.util.m a
com.baidu.android.pushservice.util.m: com.baidu.android.pushservice.util.m b
com.baidu.android.pushservice.util.m: com.baidu.android.pushservice.util.m c
com.baidu.android.pushservice.util.m: com.baidu.android.pushservice.util.m d
com.baidu.android.pushservice.util.m: com.baidu.android.pushservice.util.m e
com.baidu.android.pushservice.util.m: com.baidu.android.pushservice.util.m f
com.baidu.android.pushservice.util.m: com.baidu.android.pushservice.util.m g
com.baidu.android.pushservice.util.m: com.baidu.android.pushservice.util.m h
com.baidu.android.pushservice.util.m: com.baidu.android.pushservice.util.m[] i
com.baidu.android.pushservice.util.m: com.baidu.android.pushservice.util.m[] values()
com.baidu.android.pushservice.util.m: com.baidu.android.pushservice.util.m valueOf(java.lang.String)
com.baidu.android.pushservice.util.m: m(java.lang.String,int)
com.baidu.android.pushservice.util.m: void <clinit>()