bin/proguard/mapping.txt
com.xynxs.main.BaseActivity -> com.xynxs.main.a:
    boolean isExit -> b
    com.baidu.sharesdk.BaiduSocialShare socialShare -> c
    android.os.Handler mHandler -> a
    com.xynxs.main.util.DBHelper dbHelper -> d
    void toQuitTheApp() -> a
    java.lang.String getFromAssets(java.lang.String) -> a
    void toast(java.lang.String) -> b
    void toastNetworkBusy() -> b
    com.baidu.sharesdk.BaiduSocialShare getSocailShare() -> c
    android.view.LayoutInflater getInflater() -> h
    android.view.View createView(int) -> a
    void startActivity(android.content.Intent) -> startActivity
    boolean hasLogin() -> d
    int getVersionCode() -> e
    void cleanAllData() -> f
    android.content.SharedPreferences getPreference() -> i
    boolean saveDataString(java.lang.String,java.lang.String) -> a
    java.lang.String getDataString(java.lang.String) -> c
    boolean saveDataInt(java.lang.String,int) -> a
    int getDataInt(java.lang.String) -> d
    com.xynxs.main.bean.User getUser() -> g
    void saveUser(java.lang.String) -> e
    com.xynxs.main.util.DBHelper getDbhelper() -> j
    java.lang.Object convert(java.lang.String,java.lang.Class) -> a
    void access$0(com.xynxs.main.BaseActivity,boolean) -> a
com.xynxs.main.BaseActivity$1 -> com.xynxs.main.b:
    com.xynxs.main.BaseActivity this$0 -> a
    void handleMessage(android.os.Message) -> handleMessage
com.xynxs.main.BaseActivity$2 -> com.xynxs.main.c:
    com.xynxs.main.BaseActivity this$0 -> a
    void run() -> run
com.xynxs.main.GuideActivity -> com.xynxs.main.GuideActivity:
    android.support.v4.view.ViewPager viewpager -> b
    java.util.List list -> c
    android.widget.ImageView[] img -> d
    void onCreate(android.os.Bundle) -> onCreate
    void onClick(android.view.View) -> onClick
    java.util.List access$0(com.xynxs.main.GuideActivity) -> a
    android.widget.ImageView[] access$1(com.xynxs.main.GuideActivity) -> b
com.xynxs.main.GuideActivity$ViewPagerAdapter -> com.xynxs.main.d:
    java.util.List list -> b
    com.xynxs.main.GuideActivity this$0 -> a
    int getCount() -> getCount
    java.lang.Object instantiateItem(android.view.ViewGroup,int) -> instantiateItem
    void destroyItem(android.view.ViewGroup,int,java.lang.Object) -> destroyItem
    boolean isViewFromObject(android.view.View,java.lang.Object) -> isViewFromObject
com.xynxs.main.GuideActivity$ViewPagerPageChangeListener -> com.xynxs.main.e:
    com.xynxs.main.GuideActivity this$0 -> a
    void onPageScrollStateChanged(int) -> onPageScrollStateChanged
    void onPageScrolled(int,float,int) -> onPageScrolled
    void onPageSelected(int) -> onPageSelected
...
android.support.v4.view.accessibility.AccessibilityNodeInfoCompat$AccessibilityNodeInfoJellybeanImpl -> android.support.v4.view.a.d:
android.support.v4.view.accessibility.AccessibilityNodeInfoCompat$AccessibilityNodeInfoStubImpl -> android.support.v4.view.a.e:
    void addAction(java.lang.Object,int) -> a
    void setClassName(java.lang.Object,java.lang.CharSequence) -> a
    void setScrollable(java.lang.Object,boolean) -> a
android.support.v4.view.accessibility.AccessibilityNodeInfoCompatIcs -> android.support.v4.view.a.f:
    void addAction(java.lang.Object,int) -> a
    void setClassName(java.lang.Object,java.lang.CharSequence) -> a
    void setScrollable(java.lang.Object,boolean) -> a
android.support.v4.view.accessibility.AccessibilityNodeProviderCompat -> android.support.v4.view.a.g:
    android.support.v4.view.accessibility.AccessibilityNodeProviderCompat$AccessibilityNodeProviderImpl IMPL -> a
    java.lang.Object mProvider -> b
    java.lang.Object getProvider() -> a
    android.support.v4.view.accessibility.AccessibilityNodeInfoCompat createAccessibilityNodeInfo(int) -> a
    boolean performAction(int,int,android.os.Bundle) -> a
    java.util.List findAccessibilityNodeInfosByText(java.lang.String,int) -> a
android.support.v4.view.accessibility.AccessibilityNodeProviderCompat$AccessibilityNodeProviderImpl -> android.support.v4.view.a.h:
    java.lang.Object newAccessibilityNodeProviderBridge(android.support.v4.view.accessibility.AccessibilityNodeProviderCompat) -> a
android.support.v4.view.accessibility.AccessibilityNodeProviderCompat$AccessibilityNodeProviderJellyBeanImpl -> android.support.v4.view.a.i:
    java.lang.Object newAccessibilityNodeProviderBridge(android.support.v4.view.accessibility.AccessibilityNodeProviderCompat) -> a
android.support.v4.view.accessibility.AccessibilityNodeProviderCompat$AccessibilityNodeProviderJellyBeanImpl$1 -> android.support.v4.view.a.j:
    android.support.v4.view.accessibility.AccessibilityNodeProviderCompat val$compat -> a
    android.support.v4.view.accessibility.AccessibilityNodeProviderCompat$AccessibilityNodeProviderJellyBeanImpl this$0 -> b
    boolean performAction(int,int,android.os.Bundle) -> a
    java.util.List findAccessibilityNodeInfosByText(java.lang.String,int) -> a
    java.lang.Object createAccessibilityNodeInfo(int) -> a
android.support.v4.view.accessibility.AccessibilityNodeProviderCompat$AccessibilityNodeProviderStubImpl -> android.support.v4.view.a.k:
    java.lang.Object newAccessibilityNodeProviderBridge(android.support.v4.view.accessibility.AccessibilityNodeProviderCompat) -> a
android.support.v4.view.accessibility.AccessibilityNodeProviderCompatJellyBean -> android.support.v4.view.a.l:
    java.lang.Object newAccessibilityNodeProviderBridge(android.support.v4.view.accessibility.AccessibilityNodeProviderCompatJellyBean$AccessibilityNodeInfoBridge) -> a
android.support.v4.view.accessibility.AccessibilityNodeProviderCompatJellyBean$1 -> android.support.v4.view.a.m:
    android.support.v4.view.accessibility.AccessibilityNodeProviderCompatJellyBean$AccessibilityNodeInfoBridge val$bridge -> a
    android.view.accessibility.AccessibilityNodeInfo createAccessibilityNodeInfo(int) -> createAccessibilityNodeInfo
    java.util.List findAccessibilityNodeInfosByText(java.lang.String,int) -> findAccessibilityNodeInfosByText
    boolean performAction(int,int,android.os.Bundle) -> performAction
android.support.v4.view.accessibility.AccessibilityNodeProviderCompatJellyBean$AccessibilityNodeInfoBridge -> android.support.v4.view.a.n:
    java.lang.Object createAccessibilityNodeInfo(int) -> a
    boolean performAction(int,int,android.os.Bundle) -> a
    java.util.List findAccessibilityNodeInfosByText(java.lang.String,int) -> a