bin/proguard/usage.txt
com.xynxs.main.BaseActivity:
    private static final java.lang.String DATA_ROOT_KEY
    80:86:protected java.lang.String getHeadImgDir()
    110:110:public int getScreenHeight()
    118:118:public int getScreenWidth()
    223:223:public boolean saveDataLong(java.lang.String,long)
    227:227:public long getDataLong(java.lang.String)
com.xynxs.main.BuildConfig
com.xynxs.main.MyInfoActivity$LoadHeadImgTask:
    private boolean forceRefresh
    private android.graphics.Bitmap bitmap
    final synthetic com.xynxs.main.MyInfoActivity this$0
    154:160:public MyInfoActivity$LoadHeadImgTask(com.xynxs.main.MyInfoActivity,com.xynxs.main.BaseActivity,android.widget.ImageView,boolean,java.lang.String)
com.xynxs.main.R:
    10:582:public R()
com.xynxs.main.R$anim
com.xynxs.main.R$array
com.xynxs.main.R$attr
com.xynxs.main.R$color
com.xynxs.main.R$dimen
com.xynxs.main.R$drawable
com.xynxs.main.R$id
com.xynxs.main.R$layout
com.xynxs.main.R$string
com.xynxs.main.R$style
com.xynxs.main.R$styleable:
    582:582:public R$styleable()
com.xynxs.main.util.Const
com.xynxs.main.util.DBHelper:
    private static final java.lang.String DATABASE_NAME
    private static final int DATABASE_VERSION
com.xynxs.main.util.LevelUtil:
    8:8:public LevelUtil()
com.xynxs.main.util.ServerHelper:
    private static final java.lang.String SERVER
    private static final java.lang.String RM
    private static final java.lang.String BH
    private static final java.lang.String BAK
    private static final java.lang.String BSK
    private static final java.lang.String bucket
    private static final java.lang.String object
    private static final java.lang.String SCODE
    205:215:public java.lang.Object publishPost(java.lang.String,java.lang.String,int,java.lang.String,int,int)
    222:232:public java.lang.Object listPost(int,java.lang.String,int,java.lang.String,int,int,java.lang.String)
    236:243:public java.lang.Object postDetail(java.lang.String,java.lang.String,java.lang.String,java.lang.String)
    247:253:public java.lang.Object addFavPost(java.lang.String,java.lang.String,java.lang.String)
    257:266:public java.lang.Object commentPost(java.lang.String,java.lang.String,java.lang.String,java.lang.String,java.lang.String,java.lang.String)
    270:276:public java.lang.Object listComment(java.lang.String,int,int)
    280:284:public java.lang.Object getUserNewMsgCount(java.lang.String)
    291:297:public java.lang.Object addFeedback(java.lang.String,java.lang.String,java.lang.String)
    301:306:public java.lang.Object updateUserLabel(java.lang.String,java.lang.String)
com.xynxs.main.util.SocialShareConfig
com.xynxs.main.util.StringUtil:
    9:9:public StringUtil()
    14:62:public static java.lang.String getDateStr(long)
com.xynxs.main.util.ToastUtil:
    8:8:public ToastUtil()
...
android.support.v4.util.LongSparseArray
android.support.v4.util.LruCache
android.support.v4.util.SparseArrayCompat:
    52:52:public java.lang.Object get(int)
    60:65:public java.lang.Object get(int,java.lang.Object)
    73:81:public void delete(int)
    87:88:public void remove(int)
    94:98:public void removeAt(int)
    107:111:public void removeAtRange(int,int)
    146:190:public void put(int,java.lang.Object)
    236:241:public void setValueAt(int,java.lang.Object)
    249:253:public int indexOfKey(int)
    265:273:public int indexOfValue(java.lang.Object)
    296:323:public void append(int,java.lang.Object)
    326:342:private static int binarySearch(int[],int,int,int)
android.support.v4.util.TimeUtils
android.support.v4.view.AccessibilityDelegateCompatIcs:
    28:30:AccessibilityDelegateCompatIcs()
android.support.v4.view.AccessibilityDelegateCompatJellyBean:
    30:32:AccessibilityDelegateCompatJellyBean()
android.support.v4.view.GestureDetectorCompat
android.support.v4.view.GestureDetectorCompat$GestureDetectorCompatImpl
android.support.v4.view.GestureDetectorCompat$GestureDetectorCompatImplBase
android.support.v4.view.GestureDetectorCompat$GestureDetectorCompatImplBase$GestureHandler
android.support.v4.view.GestureDetectorCompat$GestureDetectorCompatImplJellybeanMr1
android.support.v4.view.KeyEventCompat:
    25:95:public KeyEventCompat()
    127:127:public static int normalizeMetaState(int)
    131:131:public static boolean metaStateHasModifiers(int,int)
    135:135:public static boolean metaStateHasNoModifiers(int)
android.support.v4.view.KeyEventCompat$BaseKeyEventVersionImpl:
    private static final int META_MODIFIER_MASK
    private static final int META_ALL_MASK
android.support.v4.view.KeyEventCompat$HoneycombKeyEventVersionImpl:
    98:98:public int normalizeMetaState(int)
android.support.v4.view.KeyEventCompat$KeyEventVersionImpl:
    public abstract int normalizeMetaState(int)
android.support.v4.view.KeyEventCompatHoneycomb:
    24:24:KeyEventCompatHoneycomb()
    26:26:public static int normalizeMetaState(int)
android.support.v4.view.MenuCompat
android.support.v4.view.MenuCompat$BaseMenuVersionImpl
android.support.v4.view.MenuCompat$HoneycombMenuVersionImpl
android.support.v4.view.MenuCompat$MenuVersionImpl
android.support.v4.view.MenuItemCompat
android.support.v4.view.MenuItemCompat$BaseMenuVersionImpl
android.support.v4.view.MenuItemCompat$HoneycombMenuVersionImpl
android.support.v4.view.MenuItemCompat$MenuVersionImpl
android.support.v4.view.MenuItemCompatHoneycomb
android.support.v4.view.MotionEventCompat:
    public static final int ACTION_MASK
    public static final int ACTION_POINTER_DOWN
    public static final int ACTION_POINTER_UP
    public static final int ACTION_HOVER_MOVE
    public static final int ACTION_SCROLL
    public static final int ACTION_POINTER_INDEX_MASK
    public static final int ACTION_POINTER_INDEX_SHIFT
    public static final int ACTION_HOVER_ENTER
    public static final int ACTION_HOVER_EXIT
    25:80:public MotionEventCompat()
    183:183:public static int getActionMasked(android.view.MotionEvent)
    236:236:public static int getPointerCount(android.view.MotionEvent)
android.support.v4.view.MotionEventCompat$BaseMotionEventVersionImpl:
    73:73:public int getPointerCount(android.view.MotionEvent)
android.support.v4.view.MotionEventCompat$EclairMotionEventVersionImpl:
    99:99:public int getPointerCount(android.view.MotionEvent)
android.support.v4.view.MotionEventCompat$MotionEventVersionImpl:
    public abstract int getPointerCount(android.view.MotionEvent)
android.support.v4.view.MotionEventCompatEclair:
    24:24:MotionEventCompatEclair()
    38:38:public static int getPointerCount(android.view.MotionEvent)
android.support.v4.view.PagerTabStrip
android.support.v4.view.PagerTabStrip$1
android.support.v4.view.PagerTabStrip$2
android.support.v4.view.PagerTitleStrip